app/build/intermediates/manifest_merge_blame_file/debug/manifest-merger-blame-debug-report.txt
1<?xml version="1.0" encoding="utf-8"?>
2<manifest xmlns:android="http://schemas.android.com/apk/res/android"
3    package="com.example.quize"
4    android:versionCode="1"
5    android:versionName="1.0" >
6
7    <uses-sdk
8        android:minSdkVersion="24"
8-->src\main\AndroidManifest.xml
9        android:targetSdkVersion="33" />
9-->src\main\AndroidManifest.xml
10
11    <uses-permission android:name="android.permission.INTERNET" />
11-->src\main\AndroidManifest.xml:5:5-67
11-->src\main\AndroidManifest.xml:5:22-64
12
13    <!-- Although the *SdkVersion is captured in gradle build files, this is required for non gradle builds -->
14    <!-- <uses-sdk android:minSdkVersion="14"/> -->
15    <uses-permission android:name="android.permission.ACCESS_NETWORK_STATE" />
15-->[com.google.firebase:firebase-database:20.2.1] AndroidManifest.xml:24:5-79
15-->[com.google.firebase:firebase-database:20.2.1] AndroidManifest.xml:24:22-76
16
17    <permission
17-->[androidx.core:core:1.10.0] AndroidManifest.xml:22:5-24:47
18        android:name="com.example.quize.DYNAMIC_RECEIVER_NOT_EXPORTED_PERMISSION"
18-->[androidx.core:core:1.10.0] AndroidManifest.xml:23:9-81
19        android:protectionLevel="signature" />
19-->[androidx.core:core:1.10.0] AndroidManifest.xml:24:9-44
20
21    <uses-permission android:name="com.example.quize.DYNAMIC_RECEIVER_NOT_EXPORTED_PERMISSION" />
21-->[androidx.core:core:1.10.0] AndroidManifest.xml:26:5-97
21-->[androidx.core:core:1.10.0] AndroidManifest.xml:26:22-94
22
23    <application
23-->src\main\AndroidManifest.xml:7:5-38:19
24        android:allowBackup="true"
24-->src\main\AndroidManifest.xml:8:9-35
25        android:appComponentFactory="androidx.core.app.CoreComponentFactory"
25-->[androidx.core:core:1.10.0] AndroidManifest.xml:28:18-86
26        android:dataExtractionRules="@xml/data_extraction_rules"
26-->src\main\AndroidManifest.xml:9:9-65
27        android:debuggable="true"
28        android:extractNativeLibs="false"
29        android:fullBackupContent="@xml/backup_rules"
29-->src\main\AndroidManifest.xml:10:9-54
30        android:icon="@mipmap/ic_launcher"
30-->src\main\AndroidManifest.xml:11:9-43
31        android:label="@string/app_name"
31-->src\main\AndroidManifest.xml:12:9-41
32        android:supportsRtl="true"
32-->src\main\AndroidManifest.xml:13:9-35
33        android:testOnly="true"
34        android:theme="@style/Theme.Quize" >
34-->src\main\AndroidManifest.xml:14:9-43
35        <activity
35-->src\main\AndroidManifest.xml:16:9-18:40
36            android:name="com.example.quize.activities.addQuizepart2"
36-->src\main\AndroidManifest.xml:17:13-53
37            android:exported="false" />
37-->src\main\AndroidManifest.xml:18:13-37
38        <activity
38-->src\main\AndroidManifest.xml:19:9-21:40
39            android:name="com.example.quize.activities.addQuizPart1"
39-->src\main\AndroidManifest.xml:20:13-52
40            android:exported="false" />
40-->src\main\AndroidManifest.xml:21:13-37
41        <activity
41-->src\main\AndroidManifest.xml:22:9-24:40
42            android:name="com.example.quize.activities.FechingExam"
42-->src\main\AndroidManifest.xml:23:13-51
43            android:exported="false" />
43-->src\main\AndroidManifest.xml:24:13-37
44        <activity
44-->src\main\AndroidManifest.xml:25:9-33:20
45            android:name="com.example.quize.MainActivity"
45-->src\main\AndroidManifest.xml:26:13-41
46            android:exported="true" >
46-->src\main\AndroidManifest.xml:27:13-36
47            <intent-filter>
47-->src\main\AndroidManifest.xml:28:13-32:29
48                <action android:name="android.intent.action.MAIN" />
48-->src\main\AndroidManifest.xml:29:17-69
48-->src\main\AndroidManifest.xml:29:25-66
49
50                <category android:name="android.intent.category.LAUNCHER" />
50-->src\main\AndroidManifest.xml:31:17-77
50-->src\main\AndroidManifest.xml:31:27-74
51            </intent-filter>
52        </activity>
53
54        <meta-data
54-->src\main\AndroidManifest.xml:35:9-37:57
55            android:name="preloaded_fonts"
55-->src\main\AndroidManifest.xml:36:13-43
56            android:resource="@array/preloaded_fonts" />
56-->src\main\AndroidManifest.xml:37:13-54
57
58        <service
58-->[com.google.firebase:firebase-database-ktx:20.2.1] AndroidManifest.xml:11:9-17:19
59            android:name="com.google.firebase.components.ComponentDiscoveryService"
59-->[com.google.firebase:firebase-database-ktx:20.2.1] AndroidManifest.xml:12:13-84
60            android:directBootAware="true"
60-->[com.google.firebase:firebase-common:20.3.2] AndroidManifest.xml:34:13-43
61            android:exported="false" >
61-->[com.google.firebase:firebase-database-ktx:20.2.1] AndroidManifest.xml:13:13-37
62            <meta-data
62-->[com.google.firebase:firebase-database-ktx:20.2.1] AndroidManifest.xml:14:13-16:85
63                android:name="com.google.firebase.components:com.google.firebase.database.ktx.FirebaseDatabaseKtxRegistrar"
63-->[com.google.firebase:firebase-database-ktx:20.2.1] AndroidManifest.xml:15:17-124
64                android:value="com.google.firebase.components.ComponentRegistrar" />
64-->[com.google.firebase:firebase-database-ktx:20.2.1] AndroidManifest.xml:16:17-82
65            <meta-data
65-->[com.google.firebase:firebase-common-ktx:20.3.2] AndroidManifest.xml:14:13-16:85
66                android:name="com.google.firebase.components:com.google.firebase.ktx.FirebaseCommonKtxRegistrar"
66-->[com.google.firebase:firebase-common-ktx:20.3.2] AndroidManifest.xml:15:17-113
67                android:value="com.google.firebase.components.ComponentRegistrar" />
67-->[com.google.firebase:firebase-common-ktx:20.3.2] AndroidManifest.xml:16:17-82
68            <meta-data
68-->[com.google.firebase:firebase-database:20.2.1] AndroidManifest.xml:31:13-33:85
69                android:name="com.google.firebase.components:com.google.firebase.database.DatabaseRegistrar"
69-->[com.google.firebase:firebase-database:20.2.1] AndroidManifest.xml:32:17-109
70                android:value="com.google.firebase.components.ComponentRegistrar" />
70-->[com.google.firebase:firebase-database:20.2.1] AndroidManifest.xml:33:17-82
71        </service>
72
73        <provider
73-->[com.google.firebase:firebase-common:20.3.2] AndroidManifest.xml:25:9-30:39
74            android:name="com.google.firebase.provider.FirebaseInitProvider"
74-->[com.google.firebase:firebase-common:20.3.2] AndroidManifest.xml:26:13-77
75            android:authorities="com.example.quize.firebaseinitprovider"
75-->[com.google.firebase:firebase-common:20.3.2] AndroidManifest.xml:27:13-72
76            android:directBootAware="true"
76-->[com.google.firebase:firebase-common:20.3.2] AndroidManifest.xml:28:13-43
77            android:exported="false"
77-->[com.google.firebase:firebase-common:20.3.2] AndroidManifest.xml:29:13-37
78            android:initOrder="100" />
78-->[com.google.firebase:firebase-common:20.3.2] AndroidManifest.xml:30:13-36
79
80        <activity
80-->[com.google.android.gms:play-services-base:18.1.0] AndroidManifest.xml:20:9-22:45
81            android:name="com.google.android.gms.common.api.GoogleApiActivity"
81-->[com.google.android.gms:play-services-base:18.1.0] AndroidManifest.xml:20:19-85
82            android:exported="false"
82-->[com.google.android.gms:play-services-base:18.1.0] AndroidManifest.xml:22:19-43
83            android:theme="@android:style/Theme.Translucent.NoTitleBar" />
83-->[com.google.android.gms:play-services-base:18.1.0] AndroidManifest.xml:21:19-78
84
85        <meta-data
85-->[com.google.android.gms:play-services-basement:18.1.0] AndroidManifest.xml:21:9-23:69
86            android:name="com.google.android.gms.version"
86-->[com.google.android.gms:play-services-basement:18.1.0] AndroidManifest.xml:22:13-58
87            android:value="@integer/google_play_services_version" />
87-->[com.google.android.gms:play-services-basement:18.1.0] AndroidManifest.xml:23:13-66
88
89        <provider
89-->[androidx.emoji2:emoji2:1.2.0] AndroidManifest.xml:24:9-32:20
90            android:name="androidx.startup.InitializationProvider"
90-->[androidx.emoji2:emoji2:1.2.0] AndroidManifest.xml:25:13-67
91            android:authorities="com.example.quize.androidx-startup"
91-->[androidx.emoji2:emoji2:1.2.0] AndroidManifest.xml:26:13-68
92            android:exported="false" >
92-->[androidx.emoji2:emoji2:1.2.0] AndroidManifest.xml:27:13-37
93            <meta-data
93-->[androidx.emoji2:emoji2:1.2.0] AndroidManifest.xml:29:13-31:52
94                android:name="androidx.emoji2.text.EmojiCompatInitializer"
94-->[androidx.emoji2:emoji2:1.2.0] AndroidManifest.xml:30:17-75
95                android:value="androidx.startup" />
95-->[androidx.emoji2:emoji2:1.2.0] AndroidManifest.xml:31:17-49
96            <meta-data
96-->[androidx.lifecycle:lifecycle-process:2.4.1] AndroidManifest.xml:31:13-33:52
97                android:name="androidx.lifecycle.ProcessLifecycleInitializer"
97-->[androidx.lifecycle:lifecycle-process:2.4.1] AndroidManifest.xml:32:17-78
98                android:value="androidx.startup" />
98-->[androidx.lifecycle:lifecycle-process:2.4.1] AndroidManifest.xml:33:17-49
99        </provider>
100    </application>
101
102</manifest>